0 info it worked if it ends with ok
1 verbose cli [ 'C:\\Program Files\\nodejs\\node.exe',
1 verbose cli   'C:\\Program Files\\nodejs\\node_modules\\npm\\bin\\npm-cli.js',
1 verbose cli   'run',
1 verbose cli   'coverage' ]
2 info using npm@3.10.10
3 info using node@v6.10.3
4 verbose run-script [ 'precoverage', 'coverage', 'postcoverage' ]
5 info lifecycle blog-server@0.0.0~precoverage: blog-server@0.0.0
6 silly lifecycle blog-server@0.0.0~precoverage: no script for precoverage, continuing
7 info lifecycle blog-server@0.0.0~coverage: blog-server@0.0.0
8 verbose lifecycle blog-server@0.0.0~coverage: unsafe-perm in lifecycle true
9 verbose lifecycle blog-server@0.0.0~coverage: PATH: C:\Program Files\nodejs\node_modules\npm\bin\node-gyp-bin;C:\Users\kylel\Documents\GitHub\Blog_Server\node_modules\.bin;C:\Program Files (x86)\Google\Chrome\Application;C:\Program Files\Docker\Docker\Resources\bin;C:\Program Files (x86)\Razer Chroma SDK\bin;C:\Program Files\Razer Chroma SDK\bin;C:\ProgramData\Oracle\Java\javapath;C:\Program Files (x86)\Intel\iCLS Client\;C:\Program Files\Intel\iCLS Client\;C:\Windows\system32;C:\Windows;C:\Windows\System32\Wbem;C:\Windows\System32\WindowsPowerShell\v1.0\;C:\Program Files (x86)\Intel\Intel(R) Management Engine Components\DAL;C:\Program Files\Intel\Intel(R) Management Engine Components\DAL;C:\Program Files (x86)\Intel\Intel(R) Management Engine Components\IPT;C:\Program Files\Intel\Intel(R) Management Engine Components\IPT;C:\Program Files (x86)\NVIDIA Corporation\PhysX\Common;C:\Program Files\Intel\WiFi\bin\;C:\Program Files\Common Files\Intel\WirelessCommon\;C:\WINDOWS\system32;C:\WINDOWS;C:\WINDOWS\System32\Wbem;C:\WINDOWS\System32\WindowsPowerShell\v1.0\;C:\Program Files\nodejs\;C:\WINDOWS\system32\config\systemprofile\.dnx\bin;C:\Program Files\Microsoft DNX\Dnvm\;C:\Program Files\Microsoft SQL Server\130\Tools\Binn\;C:\Program Files\Git\cmd;C:\Program Files\Microsoft SQL Server\110\Tools\Binn\;C:\WINDOWS\system32\config\systemprofile\AppData\Local\Microsoft\WindowsApps;C:\Program Files\PostgreSQL\pg96\bin;%SystemRoot%\system32;%SystemRoot%;%SystemRoot%\System32\Wbem;%SYSTEMROOT%\System32\WindowsPowerShell\v1.0\;C:\Users\kylel\AppData\Local\Programs\Python\Python36\Scripts\;C:\Users\kylel\AppData\Local\Programs\Python\Python36\;C:\Users\kylel\AppData\Local\Microsoft\WindowsApps;C:\Users\kylel\AppData\Roaming\npm;C:\Program Files\MongoDB\Server\3.2\bin;C:\Program Files (x86)\Microsoft VS Code\bin;C:\Program Files\Java\jdk1.8.0_111\bin;C:\Program Files\Gradle\gradle-3.3\bin;C:\Program Files\PostgreSQL\9.6\bin;C:\Program Files\Heroku\bin;
10 verbose lifecycle blog-server@0.0.0~coverage: CWD: C:\Users\kylel\Documents\GitHub\Blog_Server
11 silly lifecycle blog-server@0.0.0~coverage: Args: [ '/d /s /c',
11 silly lifecycle   'istanbul cover ./node_modules/mocha/bin/_mocha --reporter lcovonly -- -R spec' ]
12 silly lifecycle blog-server@0.0.0~coverage: Returned: code: 1  signal: null
13 info lifecycle blog-server@0.0.0~coverage: Failed to exec coverage script
14 verbose stack Error: blog-server@0.0.0 coverage: `istanbul cover ./node_modules/mocha/bin/_mocha --reporter lcovonly -- -R spec`
14 verbose stack Exit status 1
14 verbose stack     at EventEmitter.<anonymous> (C:\Program Files\nodejs\node_modules\npm\lib\utils\lifecycle.js:255:16)
14 verbose stack     at emitTwo (events.js:106:13)
14 verbose stack     at EventEmitter.emit (events.js:191:7)
14 verbose stack     at ChildProcess.<anonymous> (C:\Program Files\nodejs\node_modules\npm\lib\utils\spawn.js:40:14)
14 verbose stack     at emitTwo (events.js:106:13)
14 verbose stack     at ChildProcess.emit (events.js:191:7)
14 verbose stack     at maybeClose (internal/child_process.js:886:16)
14 verbose stack     at Process.ChildProcess._handle.onexit (internal/child_process.js:226:5)
15 verbose pkgid blog-server@0.0.0
16 verbose cwd C:\Users\kylel\Documents\GitHub\Blog_Server
17 error Windows_NT 10.0.15063
18 error argv "C:\\Program Files\\nodejs\\node.exe" "C:\\Program Files\\nodejs\\node_modules\\npm\\bin\\npm-cli.js" "run" "coverage"
19 error node v6.10.3
20 error npm  v3.10.10
21 error code ELIFECYCLE
22 error blog-server@0.0.0 coverage: `istanbul cover ./node_modules/mocha/bin/_mocha --reporter lcovonly -- -R spec`
22 error Exit status 1
23 error Failed at the blog-server@0.0.0 coverage script 'istanbul cover ./node_modules/mocha/bin/_mocha --reporter lcovonly -- -R spec'.
23 error Make sure you have the latest version of node.js and npm installed.
23 error If you do, this is most likely a problem with the blog-server package,
23 error not with npm itself.
23 error Tell the author that this fails on your system:
23 error     istanbul cover ./node_modules/mocha/bin/_mocha --reporter lcovonly -- -R spec
23 error You can get information on how to open an issue for this project with:
23 error     npm bugs blog-server
23 error Or if that isn't available, you can get their info via:
23 error     npm owner ls blog-server
23 error There is likely additional logging output above.
24 verbose exit [ 1, true ]
